<?xml version="1.0" encoding="UTF-8"?>
<!-- Generated by org.testng.reporters.JUnitReportReporter -->
<testsuite skipped="0" hostname="WSD014" name="org.demo.sachin.jagtap.MyTest" tests="3" failures="0" timestamp="22 May 2017 10:53:11 GMT" time="0.015" errors="0">
  <testcase name="MyMethod3" time="0.007" classname="org.demo.sachin.jagtap.MyTest"/>
  <testcase name="MyMethod2" time="0.003" classname="org.demo.sachin.jagtap.MyTest"/>
  <testcase name="MyMethod1" time="0.005" classname="org.demo.sachin.jagtap.MyTest"/>
</testsuite> <!-- org.demo.sachin.jagtap.MyTest -->
