<?xml version="1.0" encoding="UTF-8"?>
<!-- Generated by org.testng.reporters.JUnitReportReporter -->
<testsuite skipped="0" hostname="WSD014" name="org.demo.sachin.jagtap.NewTest" tests="1" failures="0" timestamp="22 May 2017 10:53:11 GMT" time="0.009" errors="0">
  <testcase name="anotherclass" time="0.009" classname="org.demo.sachin.jagtap.NewTest"/>
</testsuite> <!-- org.demo.sachin.jagtap.NewTest -->
