<?xml version="1.0" encoding="UTF-8"?>
<!-- Generated by org.testng.reporters.JUnitReportReporter -->
<testsuite hostname="WSD014" name="org.demo.sachin.jagtap.MyTest" tests="3" failures="0" timestamp="22 May 2017 11:07:37 GMT" time="0.001" errors="0">
  <testcase name="MyMethod1" time="0.001" classname="org.demo.sachin.jagtap.MyTest"/>
  <testcase name="MyMethod2" time="0.000" classname="org.demo.sachin.jagtap.MyTest"/>
  <testcase name="MyMethod3" time="0.000" classname="org.demo.sachin.jagtap.MyTest"/>
</testsuite> <!-- org.demo.sachin.jagtap.MyTest -->
