<?xml version="1.0" encoding="UTF-8"?>
<!-- Generated by org.testng.reporters.JUnitReportReporter -->
<testsuite hostname="WSD014" name="org.demo.sachin.jagtap.NewTest" tests="1" failures="0" timestamp="22 May 2017 11:07:37 GMT" time="0.001" errors="0">
  <testcase name="anotherclass" time="0.001" classname="org.demo.sachin.jagtap.NewTest"/>
</testsuite> <!-- org.demo.sachin.jagtap.NewTest -->
