<?xml version="1.0" encoding="UTF-8"?>
<!-- Generated by org.testng.reporters.JUnitReportReporter -->
<testsuite skipped="0" hostname="WSD014" name="demo123.NewTest" tests="2" failures="0" timestamp="22 May 2017 13:48:05 GMT" time="16.465" errors="0">
  <testcase name="anotherclass" time="13.932" classname="demo123.NewTest"/>
  <testcase name="anotherclass2" time="2.533" classname="demo123.NewTest"/>
</testsuite> <!-- demo123.NewTest -->
