<?xml version="1.0" encoding="UTF-8"?>
<!-- Generated by org.testng.reporters.JUnitReportReporter -->
<testsuite skipped="0" hostname="WSD014" name="testNG.Annotations" tests="2" failures="0" timestamp="29 May 2017 13:19:51 GMT" time="0.015" errors="0">
  <testcase name="openbrowser" time="0.011" classname="testNG.Annotations"/>
  <testcase name="secondtest" time="0.004" classname="testNG.Annotations"/>
</testsuite> <!-- testNG.Annotations -->
