<?xml version="1.0" encoding="UTF-8"?>
<!-- Generated by org.testng.reporters.JUnitReportReporter -->
<testsuite skipped="0" hostname="WSD014" name="Pom.Test.FactoryLogin" tests="1" failures="0" timestamp="31 May 2017 07:42:46 GMT" time="33.266" errors="0">
  <testcase name="checkvaliduser" time="33.266" classname="Pom.Test.FactoryLogin"/>
</testsuite> <!-- Pom.Test.FactoryLogin -->
