<?xml version="1.0" encoding="UTF-8"?>
<!-- Generated by org.testng.reporters.JUnitReportReporter -->
<testsuite skipped="0" hostname="WSD014" name="test.TestcaseLogin" tests="1" failures="0" timestamp="30 May 2017 06:58:22 GMT" time="9.929" errors="0">
  <testcase name="VerifyValidLogin" time="9.929" classname="test.TestcaseLogin"/>
</testsuite> <!-- test.TestcaseLogin -->
